toy0.smv
toy0.smv
-- K_x = 0
-- K_x+y = 0
--END
-- K_y = 0
-- K_y+x = 0
--END
||||||||||||||||||||||||||||||||||||||||||||||||||||||||||||||||||
-- K_x = 0
-- K_x+y = 0
--END
-- K_y = 1
-- K_y+x = 1
--END
||||||||||||||||||||||||||||||||||||||||||||||||||||||||||||||||||

toy1.smv
toy1.smv
-- K_x = 0
-- K_x+y = 0
--END
-- K_y = 0
-- K_y+x = 1
--END
||||||||||||||||||||||||||||||||||||||||||||||||||||||||||||||||||
-- K_x = 0
-- K_x+y = 1
--END
-- K_y = 1
-- K_y+x = 1
--END
||||||||||||||||||||||||||||||||||||||||||||||||||||||||||||||||||

