-- K_a = 0
-- K_a+a = 2
--END
-- K_c = 0
-- K_c+a = 0
-- K_c+ko = 0
-- K_c+r = 0
-- K_c+trans = 0
-- K_c+a+ko = 1
-- K_c+ko+r = 0
-- K_c+ko+trans = 1
-- K_c+a+r = 0
-- K_c+r+trans = 0
-- K_c+a+trans = 0
-- K_c+a+ko+trans = 1
-- K_c+a+ko+r = 1
-- K_c+a+r+trans = 0
-- K_c+ko+r+trans = 1
-- K_c+a+ko+r+trans = 1
--END
-- K_r = 0
-- K_r+a = 0
-- K_r+c = 1
-- K_r+r = 0 1
-- K_r+a+c = 1
-- K_r+c+r = 0 1
-- K_r+a+r = 0 1
-- K_r+a+c+r = 0 1
--END
-- K_b = 0
-- K_b+r = 1
--END
-- K_ko = 0
-- K_ko+ko = 1
--END
-- K_trans = 0
-- K_trans+trans = 1
--END
--------------------------------------------------------------------------------
-- K_a = 0
-- K_a+a = 2
--END
-- K_c = 0
-- K_c+a = 0
-- K_c+ko = 0
-- K_c+r = 0
-- K_c+trans = 0
-- K_c+a+ko = 1
-- K_c+ko+r = 0
-- K_c+ko+trans = 1
-- K_c+a+r = 0
-- K_c+r+trans = 0
-- K_c+a+trans = 0
-- K_c+a+ko+trans = 1
-- K_c+a+ko+r = 1
-- K_c+a+r+trans = 0
-- K_c+ko+r+trans = 1
-- K_c+a+ko+r+trans = 1
--END
-- K_r = 0
-- K_r+a = 0
-- K_r+c = 1
-- K_r+r = 0 1
-- K_r+a+c = 2
-- K_r+c+r = 0 1
-- K_r+a+r = 0 1
-- K_r+a+c+r = 2
--END
-- K_b = 0
-- K_b+r = 1
--END
-- K_ko = 0
-- K_ko+ko = 1
--END
-- K_trans = 0
-- K_trans+trans = 1
--END
--------------------------------------------------------------------------------
-- K_a = 0
-- K_a+a = 2
--END
-- K_c = 0
-- K_c+a = 0
-- K_c+ko = 0
-- K_c+r = 0
-- K_c+trans = 0
-- K_c+a+ko = 1
-- K_c+ko+r = 0
-- K_c+ko+trans = 1
-- K_c+a+r = 0
-- K_c+r+trans = 0
-- K_c+a+trans = 0
-- K_c+a+ko+trans = 1
-- K_c+a+ko+r = 1
-- K_c+a+r+trans = 0
-- K_c+ko+r+trans = 1
-- K_c+a+ko+r+trans = 1
--END
-- K_r = 0
-- K_r+a = 0
-- K_r+c = 1
-- K_r+r = 0 1
-- K_r+a+c = 1
-- K_r+c+r = 0 1
-- K_r+a+r = 0 1
-- K_r+a+c+r = 2
--END
-- K_b = 0
-- K_b+r = 1
--END
-- K_ko = 0
-- K_ko+ko = 1
--END
-- K_trans = 0
-- K_trans+trans = 1
--END
--------------------------------------------------------------------------------
-- K_a = 0
-- K_a+a = 2
--END
-- K_c = 0
-- K_c+a = 0
-- K_c+ko = 0
-- K_c+r = 0
-- K_c+trans = 0
-- K_c+a+ko = 1
-- K_c+ko+r = 0
-- K_c+ko+trans = 1
-- K_c+a+r = 0
-- K_c+r+trans = 0
-- K_c+a+trans = 0
-- K_c+a+ko+trans = 1
-- K_c+a+ko+r = 1
-- K_c+a+r+trans = 0
-- K_c+ko+r+trans = 1
-- K_c+a+ko+r+trans = 1
--END
-- K_r = 0
-- K_r+a = 0
-- K_r+c = 1
-- K_r+r = 0 1
-- K_r+a+c = 2
-- K_r+c+r = 2
-- K_r+a+r = 0 1
-- K_r+a+c+r = 2
--END
-- K_b = 0
-- K_b+r = 1
--END
-- K_ko = 0
-- K_ko+ko = 1
--END
-- K_trans = 0
-- K_trans+trans = 1
--END
--------------------------------------------------------------------------------
-- K_a = 0
-- K_a+a = 2
--END
-- K_c = 0
-- K_c+a = 0
-- K_c+ko = 0
-- K_c+r = 0
-- K_c+trans = 0
-- K_c+a+ko = 1
-- K_c+ko+r = 0
-- K_c+ko+trans = 1
-- K_c+a+r = 0
-- K_c+r+trans = 0
-- K_c+a+trans = 0
-- K_c+a+ko+trans = 1
-- K_c+a+ko+r = 1
-- K_c+a+r+trans = 0
-- K_c+ko+r+trans = 1
-- K_c+a+ko+r+trans = 1
--END
-- K_r = 0
-- K_r+a = 0
-- K_r+c = 1
-- K_r+r = 0 1
-- K_r+a+c = 1
-- K_r+c+r = 2
-- K_r+a+r = 0 1
-- K_r+a+c+r = 2
--END
-- K_b = 0
-- K_b+r = 1
--END
-- K_ko = 0
-- K_ko+ko = 1
--END
-- K_trans = 0
-- K_trans+trans = 1
--END
--------------------------------------------------------------------------------
-- K_a = 0
-- K_a+a = 2
--END
-- K_c = 0
-- K_c+a = 0
-- K_c+ko = 0
-- K_c+r = 0
-- K_c+trans = 0
-- K_c+a+ko = 1
-- K_c+ko+r = 0
-- K_c+ko+trans = 1
-- K_c+a+r = 0
-- K_c+r+trans = 0
-- K_c+a+trans = 0
-- K_c+a+ko+trans = 1
-- K_c+a+ko+r = 1
-- K_c+a+r+trans = 0
-- K_c+ko+r+trans = 1
-- K_c+a+ko+r+trans = 1
--END
-- K_r = 0
-- K_r+a = 0
-- K_r+c = 2
-- K_r+r = 0 1
-- K_r+a+c = 2
-- K_r+c+r = 2
-- K_r+a+r = 0 1
-- K_r+a+c+r = 2
--END
-- K_b = 0
-- K_b+r = 1
--END
-- K_ko = 0
-- K_ko+ko = 1
--END
-- K_trans = 0
-- K_trans+trans = 1
--END
--------------------------------------------------------------------------------
